[Exp1 Dataset:ecg] Loaded 5882 windows from 2780 patients. rPPG SNR range -2.94..171.67 dB, ECG autocorr SQI range 0.117..0.870, quality score range 0.000..1.000
[SQA] Generating weak labels for 5882 ECG windows...
[SQA] Weak labels: 5000/5882
[SQA] patient split: train=4849, val=1033, effective_fs=102.400 Hz
[SQA] encoder=resnet, device=cuda, parameters=468,986, trainable=16,770
Epoch 001 | train loss=0.5653 | val loss=0.4855 QRS AUC=0.8698 Morph AUC=0.4075 | p=(0.914, 0.897)
Epoch 002 | train loss=0.4792 | val loss=0.4750 QRS AUC=0.8836 Morph AUC=0.5156 | p=(0.888, 0.844)
Epoch 003 | train loss=0.4717 | val loss=0.4732 QRS AUC=0.8812 Morph AUC=0.6271 | p=(0.889, 0.860)
Epoch 004 | train loss=0.4686 | val loss=0.4762 QRS AUC=0.8730 Morph AUC=0.7250 | p=(0.874, 0.824)
Epoch 005 | train loss=0.4663 | val loss=0.4700 QRS AUC=0.8755 Morph AUC=0.7054 | p=(0.898, 0.851)
Epoch 006 | train loss=0.4645 | val loss=0.4718 QRS AUC=0.8856 Morph AUC=0.7016 | p=(0.875, 0.830)
Epoch 007 | train loss=0.4625 | val loss=0.4685 QRS AUC=0.8648 Morph AUC=0.7109 | p=(0.890, 0.849)
Epoch 008 | train loss=0.4616 | val loss=0.4693 QRS AUC=0.8443 Morph AUC=0.7258 | p=(0.884, 0.847)
Epoch 009 | train loss=0.4623 | val loss=0.4676 QRS AUC=0.8420 Morph AUC=0.7299 | p=(0.901, 0.853)
Epoch 010 | train loss=0.4600 | val loss=0.4756 QRS AUC=0.8678 Morph AUC=0.7604 | p=(0.860, 0.817)
Epoch 011 | train loss=0.4582 | val loss=0.4672 QRS AUC=0.8724 Morph AUC=0.7232 | p=(0.895, 0.851)
Epoch 012 | train loss=0.4571 | val loss=0.4861 QRS AUC=0.9084 Morph AUC=0.8301 | p=(0.845, 0.809)
Epoch 013 | train loss=0.4578 | val loss=0.4733 QRS AUC=0.8586 Morph AUC=0.7696 | p=(0.915, 0.867)
Epoch 014 | train loss=0.4561 | val loss=0.4795 QRS AUC=0.8668 Morph AUC=0.7747 | p=(0.862, 0.804)
Epoch 015 | train loss=0.4568 | val loss=0.4668 QRS AUC=0.8795 Morph AUC=0.7566 | p=(0.899, 0.858)
Epoch 016 | train loss=0.4569 | val loss=0.4704 QRS AUC=0.9022 Morph AUC=0.8273 | p=(0.885, 0.841)
Epoch 017 | train loss=0.4546 | val loss=0.4654 QRS AUC=0.9033 Morph AUC=0.8069 | p=(0.900, 0.862)
Epoch 018 | train loss=0.4546 | val loss=0.4678 QRS AUC=0.9076 Morph AUC=0.7884 | p=(0.906, 0.857)
Epoch 019 | train loss=0.4551 | val loss=0.4699 QRS AUC=0.9238 Morph AUC=0.8506 | p=(0.873, 0.836)
Epoch 020 | train loss=0.4550 | val loss=0.4675 QRS AUC=0.8869 Morph AUC=0.8194 | p=(0.906, 0.869)
Epoch 021 | train loss=0.4525 | val loss=0.4703 QRS AUC=0.8977 Morph AUC=0.8088 | p=(0.886, 0.845)
Epoch 022 | train loss=0.4531 | val loss=0.4693 QRS AUC=0.8732 Morph AUC=0.7645 | p=(0.918, 0.873)
Epoch 023 | train loss=0.4536 | val loss=0.4661 QRS AUC=0.9144 Morph AUC=0.8215 | p=(0.895, 0.845)
Epoch 024 | train loss=0.4529 | val loss=0.4691 QRS AUC=0.9191 Morph AUC=0.8337 | p=(0.884, 0.841)
Epoch 025 | train loss=0.4532 | val loss=0.4686 QRS AUC=0.9111 Morph AUC=0.8490 | p=(0.897, 0.852)
Epoch 026 | train loss=0.4525 | val loss=0.4860 QRS AUC=0.9244 Morph AUC=0.8639 | p=(0.846, 0.804)
Epoch 027 | train loss=0.4521 | val loss=0.4679 QRS AUC=0.8837 Morph AUC=0.8077 | p=(0.894, 0.848)
Epoch 028 | train loss=0.4525 | val loss=0.4662 QRS AUC=0.9271 Morph AUC=0.8529 | p=(0.894, 0.847)
Epoch 029 | train loss=0.4509 | val loss=0.4719 QRS AUC=0.8981 Morph AUC=0.8329 | p=(0.880, 0.833)
Epoch 030 | train loss=0.4515 | val loss=0.4683 QRS AUC=0.9138 Morph AUC=0.8296 | p=(0.893, 0.846)
Epoch 031 | train loss=0.4506 | val loss=0.4682 QRS AUC=0.9086 Morph AUC=0.8231 | p=(0.897, 0.857)
Epoch 032 | train loss=0.4507 | val loss=0.4677 QRS AUC=0.9267 Morph AUC=0.8659 | p=(0.895, 0.849)
Epoch 033 | train loss=0.4504 | val loss=0.4682 QRS AUC=0.9271 Morph AUC=0.8837 | p=(0.896, 0.846)
Epoch 034 | train loss=0.4503 | val loss=0.4776 QRS AUC=0.8972 Morph AUC=0.8333 | p=(0.863, 0.823)
Epoch 035 | train loss=0.4499 | val loss=0.4794 QRS AUC=0.8981 Morph AUC=0.8374 | p=(0.878, 0.832)
Epoch 036 | train loss=0.4512 | val loss=0.4706 QRS AUC=0.9352 Morph AUC=0.8837 | p=(0.877, 0.827)
Epoch 037 | train loss=0.4493 | val loss=0.4664 QRS AUC=0.9084 Morph AUC=0.8318 | p=(0.895, 0.846)
Epoch 038 | train loss=0.4495 | val loss=0.4774 QRS AUC=0.8915 Morph AUC=0.8007 | p=(0.869, 0.827)
Epoch 039 | train loss=0.4513 | val loss=0.4746 QRS AUC=0.9123 Morph AUC=0.8610 | p=(0.888, 0.844)
Epoch 040 | train loss=0.4487 | val loss=0.4671 QRS AUC=0.9118 Morph AUC=0.8324 | p=(0.893, 0.846)
Epoch 041 | train loss=0.4489 | val loss=0.4719 QRS AUC=0.9212 Morph AUC=0.8896 | p=(0.900, 0.856)
Epoch 042 | train loss=0.4485 | val loss=0.4667 QRS AUC=0.8863 Morph AUC=0.7878 | p=(0.897, 0.851)
Epoch 043 | train loss=0.4495 | val loss=0.4720 QRS AUC=0.9294 Morph AUC=0.8651 | p=(0.882, 0.839)
Epoch 044 | train loss=0.4512 | val loss=0.4681 QRS AUC=0.9435 Morph AUC=0.8812 | p=(0.901, 0.879)
Epoch 045 | train loss=0.4485 | val loss=0.4764 QRS AUC=0.9155 Morph AUC=0.8820 | p=(0.924, 0.880)
Epoch 046 | train loss=0.4481 | val loss=0.4735 QRS AUC=0.8894 Morph AUC=0.8151 | p=(0.870, 0.836)
Epoch 047 | train loss=0.4480 | val loss=0.4684 QRS AUC=0.9333 Morph AUC=0.8572 | p=(0.890, 0.849)
Epoch 048 | train loss=0.4479 | val loss=0.4673 QRS AUC=0.9499 Morph AUC=0.9272 | p=(0.889, 0.845)
Epoch 049 | train loss=0.4478 | val loss=0.4666 QRS AUC=0.9406 Morph AUC=0.8660 | p=(0.895, 0.847)
Epoch 050 | train loss=0.4470 | val loss=0.4689 QRS AUC=0.9477 Morph AUC=0.8896 | p=(0.907, 0.866)
[SQA] best checkpoint: /root/autodl-tmp/HealthMirrorDataProcess/study/exp1_sqa_pretrain/checkpoints/exp1_sqa_ecg_resnet_reference_L1024_run04_best.pt
[SQA] final checkpoint: /root/autodl-tmp/HealthMirrorDataProcess/study/exp1_sqa_pretrain/checkpoints/exp1_sqa_ecg_resnet_reference_L1024_run04_final.pt
