[Exp1 Dataset:ecg] Loaded 5882 windows from 2780 patients. rPPG SNR range -2.94..171.67 dB, ECG autocorr SQI range 0.117..0.870, quality score range 0.000..1.000
[SQA] Generating weak labels for 5882 ECG windows...
[SQA] Weak labels: 5000/5882
[SQA] patient split: train=4849, val=1033, effective_fs=102.400 Hz
[SQA] encoder=tcn, device=cuda, parameters=636,290, trainable=16,770
Epoch 001 | train loss=0.5000 | val loss=0.3960 QRS AUC=0.9784 Morph AUC=0.9976 | p=(0.887, 0.935)
Epoch 002 | train loss=0.3968 | val loss=0.3943 QRS AUC=0.9756 Morph AUC=0.9815 | p=(0.893, 0.913)
Epoch 003 | train loss=0.3908 | val loss=0.3881 QRS AUC=0.9920 Morph AUC=0.9914 | p=(0.898, 0.922)
Epoch 004 | train loss=0.3876 | val loss=0.3922 QRS AUC=0.9877 Morph AUC=0.9819 | p=(0.901, 0.923)
Epoch 005 | train loss=0.3862 | val loss=0.3896 QRS AUC=0.9909 Morph AUC=0.9892 | p=(0.884, 0.915)
Epoch 006 | train loss=0.3850 | val loss=0.3894 QRS AUC=0.9907 Morph AUC=0.9876 | p=(0.892, 0.917)
Epoch 007 | train loss=0.3846 | val loss=0.3971 QRS AUC=0.9834 Morph AUC=0.9774 | p=(0.863, 0.890)
Epoch 008 | train loss=0.3846 | val loss=0.3906 QRS AUC=0.9868 Morph AUC=0.9841 | p=(0.888, 0.913)
Epoch 009 | train loss=0.3824 | val loss=0.3892 QRS AUC=0.9871 Morph AUC=0.9877 | p=(0.902, 0.923)
Epoch 010 | train loss=0.3824 | val loss=0.3871 QRS AUC=0.9948 Morph AUC=0.9892 | p=(0.893, 0.915)
Epoch 011 | train loss=0.3824 | val loss=0.3877 QRS AUC=0.9960 Morph AUC=0.9932 | p=(0.894, 0.914)
Epoch 012 | train loss=0.3830 | val loss=0.3869 QRS AUC=0.9941 Morph AUC=0.9916 | p=(0.889, 0.913)
Epoch 013 | train loss=0.3833 | val loss=0.3947 QRS AUC=0.9955 Morph AUC=0.9917 | p=(0.861, 0.882)
Epoch 014 | train loss=0.3819 | val loss=0.3853 QRS AUC=0.9955 Morph AUC=0.9915 | p=(0.889, 0.913)
Epoch 015 | train loss=0.3814 | val loss=0.3854 QRS AUC=0.9954 Morph AUC=0.9922 | p=(0.897, 0.919)
Epoch 016 | train loss=0.3808 | val loss=0.3880 QRS AUC=0.9950 Morph AUC=0.9922 | p=(0.878, 0.904)
Epoch 017 | train loss=0.3802 | val loss=0.3952 QRS AUC=0.9907 Morph AUC=0.9833 | p=(0.863, 0.898)
Epoch 018 | train loss=0.3816 | val loss=0.3932 QRS AUC=0.9920 Morph AUC=0.9915 | p=(0.864, 0.895)
Epoch 019 | train loss=0.3805 | val loss=0.3899 QRS AUC=0.9964 Morph AUC=0.9948 | p=(0.876, 0.898)
Epoch 020 | train loss=0.3808 | val loss=0.3858 QRS AUC=0.9943 Morph AUC=0.9909 | p=(0.886, 0.916)
Epoch 021 | train loss=0.3805 | val loss=0.3852 QRS AUC=0.9946 Morph AUC=0.9938 | p=(0.887, 0.917)
Epoch 022 | train loss=0.3814 | val loss=0.3882 QRS AUC=0.9924 Morph AUC=0.9923 | p=(0.879, 0.910)
Epoch 023 | train loss=0.3793 | val loss=0.3863 QRS AUC=0.9932 Morph AUC=0.9919 | p=(0.896, 0.919)
Epoch 024 | train loss=0.3792 | val loss=0.3869 QRS AUC=0.9958 Morph AUC=0.9942 | p=(0.886, 0.915)
Epoch 025 | train loss=0.3799 | val loss=0.3869 QRS AUC=0.9938 Morph AUC=0.9924 | p=(0.882, 0.910)
Epoch 026 | train loss=0.3798 | val loss=0.3950 QRS AUC=0.9964 Morph AUC=0.9968 | p=(0.860, 0.879)
Epoch 027 | train loss=0.3806 | val loss=0.3853 QRS AUC=0.9957 Morph AUC=0.9950 | p=(0.887, 0.914)
Epoch 028 | train loss=0.3794 | val loss=0.3860 QRS AUC=0.9943 Morph AUC=0.9934 | p=(0.884, 0.911)
Epoch 029 | train loss=0.3790 | val loss=0.3864 QRS AUC=0.9917 Morph AUC=0.9929 | p=(0.888, 0.913)
Epoch 030 | train loss=0.3786 | val loss=0.3858 QRS AUC=0.9972 Morph AUC=0.9980 | p=(0.890, 0.915)
Epoch 031 | train loss=0.3787 | val loss=0.3851 QRS AUC=0.9957 Morph AUC=0.9949 | p=(0.886, 0.904)
Epoch 032 | train loss=0.3783 | val loss=0.3831 QRS AUC=0.9976 Morph AUC=0.9972 | p=(0.895, 0.922)
Epoch 033 | train loss=0.3773 | val loss=0.3897 QRS AUC=0.9972 Morph AUC=0.9970 | p=(0.871, 0.891)
Epoch 034 | train loss=0.3785 | val loss=0.3843 QRS AUC=0.9962 Morph AUC=0.9961 | p=(0.899, 0.920)
Epoch 035 | train loss=0.3777 | val loss=0.3849 QRS AUC=0.9958 Morph AUC=0.9948 | p=(0.884, 0.912)
Epoch 036 | train loss=0.3779 | val loss=0.3887 QRS AUC=0.9951 Morph AUC=0.9956 | p=(0.875, 0.894)
Epoch 037 | train loss=0.3780 | val loss=0.3838 QRS AUC=0.9967 Morph AUC=0.9970 | p=(0.893, 0.919)
Epoch 038 | train loss=0.3780 | val loss=0.3846 QRS AUC=0.9951 Morph AUC=0.9950 | p=(0.891, 0.913)
Epoch 039 | train loss=0.3783 | val loss=0.3892 QRS AUC=0.9779 Morph AUC=0.9802 | p=(0.897, 0.916)
Epoch 040 | train loss=0.3784 | val loss=0.3840 QRS AUC=0.9969 Morph AUC=0.9962 | p=(0.889, 0.913)
Epoch 041 | train loss=0.3777 | val loss=0.3849 QRS AUC=0.9941 Morph AUC=0.9942 | p=(0.894, 0.913)
Epoch 042 | train loss=0.3777 | val loss=0.3868 QRS AUC=0.9960 Morph AUC=0.9956 | p=(0.901, 0.912)
Epoch 043 | train loss=0.3790 | val loss=0.3868 QRS AUC=0.9925 Morph AUC=0.9935 | p=(0.882, 0.905)
Epoch 044 | train loss=0.3781 | val loss=0.3859 QRS AUC=0.9963 Morph AUC=0.9967 | p=(0.883, 0.902)
Epoch 045 | train loss=0.3776 | val loss=0.3858 QRS AUC=0.9935 Morph AUC=0.9934 | p=(0.903, 0.927)
Epoch 046 | train loss=0.3785 | val loss=0.3843 QRS AUC=0.9983 Morph AUC=0.9982 | p=(0.882, 0.910)
Epoch 047 | train loss=0.3770 | val loss=0.3854 QRS AUC=0.9967 Morph AUC=0.9973 | p=(0.885, 0.905)
Epoch 048 | train loss=0.3786 | val loss=0.3864 QRS AUC=0.9966 Morph AUC=0.9958 | p=(0.894, 0.915)
Epoch 049 | train loss=0.3775 | val loss=0.3887 QRS AUC=0.9976 Morph AUC=0.9977 | p=(0.882, 0.907)
Epoch 050 | train loss=0.3774 | val loss=0.3834 QRS AUC=0.9977 Morph AUC=0.9982 | p=(0.899, 0.917)
[SQA] best checkpoint: /root/autodl-tmp/HealthMirrorDataProcess/study/exp1_sqa_pretrain/checkpoints/exp1_sqa_ecg_tcn_window_L1024_run01_best.pt
[SQA] final checkpoint: /root/autodl-tmp/HealthMirrorDataProcess/study/exp1_sqa_pretrain/checkpoints/exp1_sqa_ecg_tcn_window_L1024_run01_final.pt
