[Exp1 Dataset:ecg] Loaded 5882 windows from 2780 patients. rPPG SNR range -2.94..171.67 dB, ECG autocorr SQI range 0.117..0.870, quality score range 0.000..1.000
[SQA] Generating weak labels for 5882 ECG windows...
[SQA] Weak labels: 5000/5882
[SQA] patient split: train=4849, val=1033, effective_fs=102.400 Hz
[SQA] encoder=resnet, device=cuda, parameters=468,986, trainable=16,770
Epoch 001 | train loss=0.5059 | val loss=0.4122 QRS AUC=0.8610 Morph AUC=0.5976 | p=(0.914, 0.943)
Epoch 002 | train loss=0.4235 | val loss=0.4050 QRS AUC=0.8831 Morph AUC=0.7619 | p=(0.891, 0.924)
Epoch 003 | train loss=0.4148 | val loss=0.4025 QRS AUC=0.8965 Morph AUC=0.7825 | p=(0.888, 0.929)
Epoch 004 | train loss=0.4111 | val loss=0.4030 QRS AUC=0.8723 Morph AUC=0.8410 | p=(0.879, 0.909)
Epoch 005 | train loss=0.4083 | val loss=0.4007 QRS AUC=0.8516 Morph AUC=0.7947 | p=(0.894, 0.914)
Epoch 006 | train loss=0.4063 | val loss=0.4001 QRS AUC=0.8453 Morph AUC=0.8019 | p=(0.881, 0.907)
Epoch 007 | train loss=0.4037 | val loss=0.3983 QRS AUC=0.8450 Morph AUC=0.7987 | p=(0.891, 0.916)
Epoch 008 | train loss=0.4031 | val loss=0.3988 QRS AUC=0.8215 Morph AUC=0.8050 | p=(0.889, 0.915)
Epoch 009 | train loss=0.4032 | val loss=0.3967 QRS AUC=0.8556 Morph AUC=0.8364 | p=(0.898, 0.917)
Epoch 010 | train loss=0.4010 | val loss=0.4101 QRS AUC=0.8671 Morph AUC=0.8713 | p=(0.854, 0.881)
Epoch 011 | train loss=0.3993 | val loss=0.3971 QRS AUC=0.8536 Morph AUC=0.8219 | p=(0.892, 0.916)
Epoch 012 | train loss=0.3982 | val loss=0.4164 QRS AUC=0.9018 Morph AUC=0.9016 | p=(0.849, 0.875)
Epoch 013 | train loss=0.3989 | val loss=0.4044 QRS AUC=0.8707 Morph AUC=0.8531 | p=(0.921, 0.941)
Epoch 014 | train loss=0.3977 | val loss=0.4147 QRS AUC=0.8503 Morph AUC=0.8609 | p=(0.854, 0.880)
Epoch 015 | train loss=0.3983 | val loss=0.3964 QRS AUC=0.8757 Morph AUC=0.8868 | p=(0.900, 0.924)
Epoch 016 | train loss=0.3979 | val loss=0.4008 QRS AUC=0.8814 Morph AUC=0.8803 | p=(0.882, 0.906)
Epoch 017 | train loss=0.3954 | val loss=0.3950 QRS AUC=0.8869 Morph AUC=0.8838 | p=(0.897, 0.922)
Epoch 018 | train loss=0.3958 | val loss=0.3972 QRS AUC=0.8820 Morph AUC=0.8756 | p=(0.903, 0.924)
Epoch 019 | train loss=0.3970 | val loss=0.3989 QRS AUC=0.8929 Morph AUC=0.8943 | p=(0.881, 0.903)
Epoch 020 | train loss=0.3965 | val loss=0.3968 QRS AUC=0.8848 Morph AUC=0.8893 | p=(0.898, 0.926)
Epoch 021 | train loss=0.3943 | val loss=0.3994 QRS AUC=0.8889 Morph AUC=0.8957 | p=(0.887, 0.916)
Epoch 022 | train loss=0.3937 | val loss=0.3958 QRS AUC=0.8694 Morph AUC=0.8791 | p=(0.908, 0.929)
Epoch 023 | train loss=0.3952 | val loss=0.3966 QRS AUC=0.9030 Morph AUC=0.9119 | p=(0.889, 0.914)
Epoch 024 | train loss=0.3943 | val loss=0.3961 QRS AUC=0.9024 Morph AUC=0.9148 | p=(0.891, 0.911)
Epoch 025 | train loss=0.3946 | val loss=0.3991 QRS AUC=0.8955 Morph AUC=0.9052 | p=(0.893, 0.917)
Epoch 026 | train loss=0.3936 | val loss=0.4139 QRS AUC=0.8962 Morph AUC=0.9069 | p=(0.857, 0.880)
Epoch 027 | train loss=0.3937 | val loss=0.3980 QRS AUC=0.8808 Morph AUC=0.8950 | p=(0.890, 0.915)
Epoch 028 | train loss=0.3946 | val loss=0.3957 QRS AUC=0.9004 Morph AUC=0.9094 | p=(0.893, 0.914)
Epoch 029 | train loss=0.3930 | val loss=0.3990 QRS AUC=0.8994 Morph AUC=0.9070 | p=(0.888, 0.914)
Epoch 030 | train loss=0.3923 | val loss=0.3978 QRS AUC=0.8701 Morph AUC=0.8760 | p=(0.899, 0.916)
Epoch 031 | train loss=0.3920 | val loss=0.3998 QRS AUC=0.8877 Morph AUC=0.9042 | p=(0.893, 0.912)
Epoch 032 | train loss=0.3915 | val loss=0.4039 QRS AUC=0.8881 Morph AUC=0.8956 | p=(0.879, 0.903)
Epoch 033 | train loss=0.3914 | val loss=0.3995 QRS AUC=0.9057 Morph AUC=0.9174 | p=(0.896, 0.920)
Epoch 034 | train loss=0.3906 | val loss=0.4108 QRS AUC=0.9133 Morph AUC=0.9159 | p=(0.864, 0.887)
Epoch 035 | train loss=0.3913 | val loss=0.4068 QRS AUC=0.8986 Morph AUC=0.8976 | p=(0.880, 0.901)
Epoch 036 | train loss=0.3926 | val loss=0.4002 QRS AUC=0.9207 Morph AUC=0.9241 | p=(0.877, 0.902)
Epoch 037 | train loss=0.3911 | val loss=0.3958 QRS AUC=0.9015 Morph AUC=0.9002 | p=(0.891, 0.915)
Epoch 038 | train loss=0.3905 | val loss=0.4057 QRS AUC=0.8933 Morph AUC=0.8876 | p=(0.870, 0.896)
Epoch 039 | train loss=0.3925 | val loss=0.4026 QRS AUC=0.9015 Morph AUC=0.9055 | p=(0.897, 0.916)
Epoch 040 | train loss=0.3898 | val loss=0.3974 QRS AUC=0.9279 Morph AUC=0.9320 | p=(0.892, 0.909)
Epoch 041 | train loss=0.3909 | val loss=0.4001 QRS AUC=0.9094 Morph AUC=0.9107 | p=(0.901, 0.922)
Epoch 042 | train loss=0.3900 | val loss=0.3998 QRS AUC=0.8627 Morph AUC=0.8641 | p=(0.889, 0.916)
Epoch 043 | train loss=0.3903 | val loss=0.4049 QRS AUC=0.9085 Morph AUC=0.9086 | p=(0.882, 0.905)
Epoch 044 | train loss=0.3921 | val loss=0.3979 QRS AUC=0.9238 Morph AUC=0.9313 | p=(0.905, 0.927)
Epoch 045 | train loss=0.3892 | val loss=0.4055 QRS AUC=0.9121 Morph AUC=0.9140 | p=(0.927, 0.942)
Epoch 046 | train loss=0.3898 | val loss=0.4057 QRS AUC=0.8967 Morph AUC=0.9026 | p=(0.864, 0.894)
Epoch 047 | train loss=0.3895 | val loss=0.3973 QRS AUC=0.9272 Morph AUC=0.9343 | p=(0.895, 0.923)
Epoch 048 | train loss=0.3885 | val loss=0.3965 QRS AUC=0.9363 Morph AUC=0.9386 | p=(0.892, 0.910)
Epoch 049 | train loss=0.3888 | val loss=0.3981 QRS AUC=0.9287 Morph AUC=0.9304 | p=(0.896, 0.917)
Epoch 050 | train loss=0.3883 | val loss=0.4017 QRS AUC=0.9046 Morph AUC=0.9031 | p=(0.909, 0.928)
[SQA] best checkpoint: /root/autodl-tmp/HealthMirrorDataProcess/study/exp1_sqa_pretrain/checkpoints/exp1_sqa_ecg_resnet_window_L1024_run03_best.pt
[SQA] final checkpoint: /root/autodl-tmp/HealthMirrorDataProcess/study/exp1_sqa_pretrain/checkpoints/exp1_sqa_ecg_resnet_window_L1024_run03_final.pt
