[Exp1 Dataset:ecg] Loaded 5882 windows from 2780 patients. rPPG SNR range -2.94..171.67 dB, ECG autocorr SQI range 0.117..0.870, quality score range 0.000..1.000
[SQA] Generating weak labels for 5882 ECG windows...
[SQA] Weak labels: 5000/5882
[SQA] patient split: train=4849, val=1033, effective_fs=102.400 Hz
[SQA] encoder=tcn, device=cuda, parameters=636,290, trainable=16,770
Epoch 001 | train loss=0.5645 | val loss=0.4691 QRS AUC=0.9779 Morph AUC=0.9738 | p=(0.881, 0.868)
Epoch 002 | train loss=0.4591 | val loss=0.4679 QRS AUC=0.9742 Morph AUC=0.9715 | p=(0.890, 0.839)
Epoch 003 | train loss=0.4531 | val loss=0.4628 QRS AUC=0.9859 Morph AUC=0.9856 | p=(0.894, 0.860)
Epoch 004 | train loss=0.4491 | val loss=0.4648 QRS AUC=0.9828 Morph AUC=0.9647 | p=(0.897, 0.853)
Epoch 005 | train loss=0.4476 | val loss=0.4628 QRS AUC=0.9894 Morph AUC=0.9880 | p=(0.879, 0.848)
Epoch 006 | train loss=0.4461 | val loss=0.4634 QRS AUC=0.9869 Morph AUC=0.9836 | p=(0.885, 0.847)
Epoch 007 | train loss=0.4449 | val loss=0.4675 QRS AUC=0.9863 Morph AUC=0.9707 | p=(0.862, 0.822)
Epoch 008 | train loss=0.4453 | val loss=0.4613 QRS AUC=0.9880 Morph AUC=0.9762 | p=(0.889, 0.855)
Epoch 009 | train loss=0.4427 | val loss=0.4602 QRS AUC=0.9894 Morph AUC=0.9819 | p=(0.897, 0.858)
Epoch 010 | train loss=0.4429 | val loss=0.4573 QRS AUC=0.9956 Morph AUC=0.9809 | p=(0.891, 0.851)
Epoch 011 | train loss=0.4430 | val loss=0.4606 QRS AUC=0.9956 Morph AUC=0.9914 | p=(0.895, 0.855)
Epoch 012 | train loss=0.4439 | val loss=0.4592 QRS AUC=0.9948 Morph AUC=0.9920 | p=(0.886, 0.843)
Epoch 013 | train loss=0.4438 | val loss=0.4626 QRS AUC=0.9956 Morph AUC=0.9905 | p=(0.863, 0.811)
Epoch 014 | train loss=0.4419 | val loss=0.4558 QRS AUC=0.9967 Morph AUC=0.9896 | p=(0.890, 0.841)
Epoch 015 | train loss=0.4418 | val loss=0.4570 QRS AUC=0.9939 Morph AUC=0.9908 | p=(0.893, 0.857)
Epoch 016 | train loss=0.4411 | val loss=0.4584 QRS AUC=0.9940 Morph AUC=0.9881 | p=(0.879, 0.835)
Epoch 017 | train loss=0.4409 | val loss=0.4667 QRS AUC=0.9915 Morph AUC=0.9850 | p=(0.859, 0.822)
Epoch 018 | train loss=0.4415 | val loss=0.4618 QRS AUC=0.9921 Morph AUC=0.9898 | p=(0.869, 0.832)
Epoch 019 | train loss=0.4401 | val loss=0.4608 QRS AUC=0.9953 Morph AUC=0.9928 | p=(0.875, 0.829)
Epoch 020 | train loss=0.4405 | val loss=0.4574 QRS AUC=0.9924 Morph AUC=0.9848 | p=(0.885, 0.851)
Epoch 021 | train loss=0.4412 | val loss=0.4563 QRS AUC=0.9934 Morph AUC=0.9883 | p=(0.888, 0.849)
Epoch 022 | train loss=0.4413 | val loss=0.4585 QRS AUC=0.9908 Morph AUC=0.9821 | p=(0.886, 0.831)
Epoch 023 | train loss=0.4399 | val loss=0.4570 QRS AUC=0.9899 Morph AUC=0.9897 | p=(0.896, 0.853)
Epoch 024 | train loss=0.4399 | val loss=0.4582 QRS AUC=0.9948 Morph AUC=0.9933 | p=(0.885, 0.849)
Epoch 025 | train loss=0.4397 | val loss=0.4557 QRS AUC=0.9955 Morph AUC=0.9941 | p=(0.887, 0.845)
Epoch 026 | train loss=0.4394 | val loss=0.4656 QRS AUC=0.9940 Morph AUC=0.9956 | p=(0.857, 0.806)
Epoch 027 | train loss=0.4409 | val loss=0.4576 QRS AUC=0.9953 Morph AUC=0.9939 | p=(0.883, 0.851)
Epoch 028 | train loss=0.4392 | val loss=0.4567 QRS AUC=0.9943 Morph AUC=0.9914 | p=(0.883, 0.840)
Epoch 029 | train loss=0.4391 | val loss=0.4576 QRS AUC=0.9899 Morph AUC=0.9909 | p=(0.895, 0.843)
Epoch 030 | train loss=0.4388 | val loss=0.4580 QRS AUC=0.9964 Morph AUC=0.9877 | p=(0.884, 0.837)
Epoch 031 | train loss=0.4393 | val loss=0.4554 QRS AUC=0.9948 Morph AUC=0.9898 | p=(0.891, 0.840)
Epoch 032 | train loss=0.4389 | val loss=0.4561 QRS AUC=0.9972 Morph AUC=0.9967 | p=(0.893, 0.854)
Epoch 033 | train loss=0.4373 | val loss=0.4583 QRS AUC=0.9965 Morph AUC=0.9959 | p=(0.880, 0.834)
Epoch 034 | train loss=0.4380 | val loss=0.4567 QRS AUC=0.9947 Morph AUC=0.9956 | p=(0.897, 0.847)
Epoch 035 | train loss=0.4383 | val loss=0.4549 QRS AUC=0.9956 Morph AUC=0.9956 | p=(0.887, 0.848)
Epoch 036 | train loss=0.4387 | val loss=0.4600 QRS AUC=0.9925 Morph AUC=0.9915 | p=(0.872, 0.822)
Epoch 037 | train loss=0.4381 | val loss=0.4567 QRS AUC=0.9924 Morph AUC=0.9908 | p=(0.897, 0.864)
Epoch 038 | train loss=0.4385 | val loss=0.4563 QRS AUC=0.9958 Morph AUC=0.9956 | p=(0.888, 0.844)
Epoch 039 | train loss=0.4382 | val loss=0.4575 QRS AUC=0.9838 Morph AUC=0.9691 | p=(0.897, 0.843)
Epoch 040 | train loss=0.4382 | val loss=0.4560 QRS AUC=0.9933 Morph AUC=0.9877 | p=(0.892, 0.856)
Epoch 041 | train loss=0.4376 | val loss=0.4544 QRS AUC=0.9959 Morph AUC=0.9941 | p=(0.894, 0.854)
Epoch 042 | train loss=0.4379 | val loss=0.4559 QRS AUC=0.9966 Morph AUC=0.9965 | p=(0.892, 0.850)
Epoch 043 | train loss=0.4390 | val loss=0.4571 QRS AUC=0.9912 Morph AUC=0.9853 | p=(0.879, 0.835)
Epoch 044 | train loss=0.4382 | val loss=0.4546 QRS AUC=0.9972 Morph AUC=0.9972 | p=(0.883, 0.833)
Epoch 045 | train loss=0.4379 | val loss=0.4552 QRS AUC=0.9943 Morph AUC=0.9932 | p=(0.898, 0.845)
Epoch 046 | train loss=0.4377 | val loss=0.4554 QRS AUC=0.9966 Morph AUC=0.9969 | p=(0.881, 0.830)
Epoch 047 | train loss=0.4369 | val loss=0.4565 QRS AUC=0.9963 Morph AUC=0.9960 | p=(0.886, 0.838)
Epoch 048 | train loss=0.4379 | val loss=0.4568 QRS AUC=0.9950 Morph AUC=0.9945 | p=(0.895, 0.849)
Epoch 049 | train loss=0.4370 | val loss=0.4582 QRS AUC=0.9969 Morph AUC=0.9968 | p=(0.886, 0.840)
Epoch 050 | train loss=0.4373 | val loss=0.4559 QRS AUC=0.9965 Morph AUC=0.9968 | p=(0.893, 0.847)
[SQA] best checkpoint: /root/autodl-tmp/HealthMirrorDataProcess/study/exp1_sqa_pretrain/checkpoints/exp1_sqa_ecg_tcn_reference_L1024_run02_best.pt
[SQA] final checkpoint: /root/autodl-tmp/HealthMirrorDataProcess/study/exp1_sqa_pretrain/checkpoints/exp1_sqa_ecg_tcn_reference_L1024_run02_final.pt
